system.m16ent.hotline.3 - system.m16ent.hotline.13 - system.m16ent.hotline.14 - system.m16ent.hotline.15 = system.m16ent.brezno.48 - system.m16ent.brezno.49 - system.m16ent.brezno.50
Original length  44.20m (  5 legs), moved   0.69m ( 0.14m/leg). Error   1.56%
2.599397
H: 3.161309 V: 1.299451

system.m16ent.hotline.3 - system.m16ent.hotline.4 - system.m16ent.hotline.6 - system.m16ent.hotline.16 - system.m16ent.hotline.17 - system.m16ent.hotline.18 = system.m16ent.brezno.50
Original length  69.39m (  5 legs), moved   1.02m ( 0.20m/leg). Error   1.48%
2.544144
H: 2.708088 V: 2.267726

system.m16low.galact2.4 - system.m16low.galact2.5 - system.m16low.galact2.6 - system.m16low.galact2.7 - system.m16low.galact2.8 - system.m16low.galact2.9 - system.m16low.galact2.10 = system.m16low.galact1.8 - system.m16low.galact1.7 - system.m16low.galact1.6 - system.m16low.galact1.5 - system.m16low.galact1.4 - system.m16low.galact1.3 - system.m16low.galact1.2 - system.m16low.galact1.1 = system.m16low.tamoka.3 - system.m16low.tamoka.2 - system.m16low.tamoka.1 = system.m16low.shordrop2.6 - system.m16low.shordrop2.5 - system.m16low.shordrop2.4 - system.m16low.shordrop2.3 - system.m16low.shordrop2.2 - system.m16low.shordrop2.1 = system.m16low.shordrop.1 - system.m16low.shordrop.2 - system.m16low.shordrop.3 - system.m16low.shordrop.4 - system.m16low.shordrop.5 - system.m16low.shordrop.6 - system.m16low.shordrop.7 = system.m16ent.brezno.50
Original length 250.28m ( 26 legs), moved   0.00m ( 0.00m/leg). Error   0.00%
0.000000
H: 0.000000 V: 0.000000

system.m16low.galact3.1 - system.m16low.galact3.2 - system.m16low.galact3.3 - system.m16low.galact3.4 - system.m16low.galact3.6 - system.m16low.galact3.7 - system.m16low.galact3.8 - system.m16low.galact3.9 - system.m16low.galact3.10 - system.m16low.galact3.11 - system.m16low.galact3.12 - system.m16low.galact3.13 - system.m16low.galact3.15 - system.m16low.galact3.16 - system.m16low.galact3.1
Original length 245.56m ( 14 legs), moved   7.12m ( 0.51m/leg). Error   2.90%
8.093542
H: 3.980554 V: 11.356347

system.m16low.galact2.1 - system.m16low.galact2.2 - system.m16low.galact2.3 - system.m16low.galact2.4
Original length  50.81m (  3 legs), moved   0.00m ( 0.00m/leg). Error   0.00%
0.000000
H: 0.000000 V: 0.000000

system.m16low.galact4.1 - system.m16low.galact4.2 - system.m16low.galact4.3 - system.m16low.galact4.4 - system.m16low.galact4.5 - system.m16low.galact4.6 - system.m16low.galact4.7 - system.m16low.galact4.8 - system.m16low.galact4.9 - system.m16low.galact4.1
Original length  88.42m (  9 legs), moved   1.46m ( 0.16m/leg). Error   1.65%
3.270734
H: 3.916508 V: 2.048318

system.level2.level2s.6 - system.level2.level2s.7 - system.level2.level2s.8 - system.level2.level2s.9 - system.level2.level2s.10 - system.level2.level2s.11 - system.level2.level2s.12 - system.level2.level2s.13 - system.level2.level2s.14 = system.m18.void.6 - system.m18.void.7 - system.m18.void.8 - system.m18.void.9 - system.m18.void.10 - system.m18.void.11 - system.m18.void.12 - system.m18.void.13 - system.m18.void.14 - system.m18.void.15 - system.m18.void.16 - system.m18.void.17 = system.m18.gallery.2 = system.m18.silos.1 - system.m18.silos.2 - system.m18.silos.3 - system.m18.silos.4 - system.m18.silos.5 - system.m18.silos.6 - system.m18.silos.7 - system.m18.silos.8
Original length 239.87m ( 26 legs), moved   0.00m ( 0.00m/leg). Error   0.00%
0.000000
H: 0.000000 V: 0.000000

system.level2.level2s.6 - system.level2.level2s.5 - system.level2.level2s.4 - system.level2.level2s.3 - system.level2.level2s.2 - system.level2.level2s.1 = system.level2.migcon.7 - system.level2.migcon.6 - system.level2.migcon.5 - system.level2.migcon.4 - system.level2.migcon.3 - system.level2.migcon.2 - system.level2.migcon.1 = system.level2.migconleft.1 - system.level2.migconleft.2 - system.level2.migconleft.3 - system.level2.migconleft.4 - system.level2.migconleft.5 - system.level2.migconleft.6 = system.m16ent.hotline.7 - system.m16ent.hotline.8 - system.m16ent.hotline.9 - system.m16ent.hotline.10 - system.m16ent.hotline.11 - system.m16ent.hotline.12 - system.m16ent.hotline.1 - system.m16ent.hotline.2 - system.m16ent.hotline.3
Original length 311.56m ( 24 legs), moved   0.00m ( 0.00m/leg). Error   0.00%
0.000000
H: 0.000000 V: 0.000000

system.level2.exhib.22 - system.level2.exhib.23 - system.level2.exhib.24 - system.level2.exhib.10 - system.level2.exhib.25 - system.level2.exhib.26 - system.level2.exhib.27 - system.level2.exhib.28 - system.level2.exhib.29 = system.level2.level2n.4 - system.level2.level2n.3 - system.level2.level2n.2 - system.level2.level2n.1 = system.level2.level2s.6
Original length 163.18m ( 11 legs), moved   0.00m ( 0.00m/leg). Error   0.00%
0.000000
H: 0.000000 V: 0.000000

system.level2.polter.7 - system.level2.polter.8 - system.level2.polter.9 = system.level2.exhib.22
Original length  43.12m (  2 legs), moved   0.00m ( 0.00m/leg). Error   0.00%
0.000000
H: 0.000000 V: 0.000000

system.level2.polter.7 - system.level2.polter.6 - system.level2.polter.5 - system.level2.polter.4 - system.level2.polter.3 - system.level2.polter.2 - system.level2.polter.1 = system.level2.disillusion.1 - system.level2.disillusion.2 - system.level2.disillusion.3 - system.level2.disillusion.4 - system.level2.disillusion.5 - system.level2.disillusion.6 - system.level2.disillusion.7 - system.level2.disillusion.8 - system.level2.disillusion.9 - system.level2.disillusion.10 - system.level2.disillusion.11 = system.level2.waffles.1 - system.level2.waffles.2 - system.level2.waffles.3 - system.level2.waffles.4 - system.level2.waffles.5 - system.level2.waffles.6 - system.level2.waffles.7 - system.level2.waffles.8 - system.level2.waffles.9 - system.level2.waffles.10 = system.level2.polter.7
Original length 206.97m ( 25 legs), moved  12.33m ( 0.49m/leg). Error   5.96%
20.901651
H: 13.589427 V: 35.956678

system.coldfeet.glory.11 - system.coldfeet.glory.12 - system.coldfeet.glory.13 - system.coldfeet.glory.14 = system.coldfeet.teoti.13 - system.coldfeet.teoti.12 - system.coldfeet.teoti.11 - system.coldfeet.teoti.10 - system.coldfeet.teoti.9 - system.coldfeet.teoti.8 - system.coldfeet.teoti.7 - system.coldfeet.teoti.6 - system.coldfeet.teoti.5 - system.coldfeet.teoti.4b = system.coldfeet.sinners.4 - system.coldfeet.sinners.3 - system.coldfeet.sinners.2 - system.coldfeet.sinners.1 - system.coldfeet.sinners.0 = system.coldfeet.glory.11
Original length  79.80m ( 16 legs), moved   6.32m ( 0.40m/leg). Error   7.92%
16.600666
H: 21.050379 V: 2.859259

